<?xml version="1.0" encoding="UTF-8"?>
<beans xmlns="http://www.springframework.org/schema/beans"
       xmlns:xsi="http://www.w3.org/2001/XMLSchema-instance"
       xsi:schemaLocation="http://www.springframework.org/schema/beans http://www.springframework.org/schema/beans/spring-beans.xsd">

    <bean id="fileSender" class="temp.FileSender">
        <!-- <property name="sourceFilePath" value="/Applications/MAMP/htdocs/demo/in/1.mp3"/> -->
        <property name="sourceFilePath" value="/Applications/MAMP/htdocs/demo/in/1.mp3"/>
        <property name="port" value="8003"/>
    </bean>
</beans>